27 1 0.00808249
27 2 0.00433146
27 3 0.0661348
27 4 0.092763
27 5 0.118404
27 6 0.102699
27 7 0.168384
27 8 0.186212
27 9 0.196341
81 1 0.0121997
81 2 0.02554
81 3 0.0653125
81 4 0.0488162
81 5 0.0531024
81 6 0.0573279
81 7 0.0671565
81 8 0.0805634
81 9 0.174824
243 1 0.103806
243 2 0.370451
243 3 0.169996
243 4 0.155848
243 5 0.149415
243 6 0.192964
243 7 0.248213
243 8 0.251135
243 9 0.266861
729 1 0.720304
729 2 0.529705
729 3 0.782387
729 4 0.949943
729 5 0.762569
729 6 0.778314
729 7 1.09914
729 8 1.2012
729 9 0.791581
2187 1 6.55433
2187 2 6.65704
2187 3 6.22404
2187 4 5.32181
2187 5 5.2698
2187 6 5.39468
2187 7 5.74077
2187 8 5.31037
2187 9 5.22946
6561 1 57.3515
6561 2 48.6949
6561 3 47.3425
6561 4 46.8195
6561 5 46.5459
6561 6 46.9703
6561 7 46.1511
6561 8 50.5759
6561 9 38.2228
